Thu Nov  9 14:54:22 2023       
+---------------------------------------------------------------------------------------+
| NVIDIA-SMI 535.104.12             Driver Version: 535.104.12   CUDA Version: 12.2     |
|-----------------------------------------+----------------------+----------------------+
| GPU  Name                 Persistence-M | Bus-Id        Disp.A | Volatile Uncorr. ECC |
| Fan  Temp   Perf          Pwr:Usage/Cap |         Memory-Usage | GPU-Util  Compute M. |
|                                         |                      |               MIG M. |
|=========================================+======================+======================|
|   0  Tesla V100-SXM2-32GB           On  | 00000000:3A:00.0 Off |                    0 |
| N/A   35C    P0              44W / 300W |      0MiB / 32768MiB |      0%   E. Process |
|                                         |                      |                  N/A |
+-----------------------------------------+----------------------+----------------------+
                                                                                         
+---------------------------------------------------------------------------------------+
| Processes:                                                                            |
|  GPU   GI   CI        PID   Type   Process name                            GPU Memory |
|        ID   ID                                                             Usage      |
|=======================================================================================|
|  No running processes found                                                           |
+---------------------------------------------------------------------------------------+
Loaded module: cuda/11.6
/appl/cuda/11.6.0/samples/bin/x86_64/linux/release/deviceQuery Starting...

 CUDA Device Query (Runtime API) version (CUDART static linking)

Detected 1 CUDA Capable device(s)

Device 0: "Tesla V100-SXM2-32GB"
  CUDA Driver Version / Runtime Version          12.2 / 11.6
  CUDA Capability Major/Minor version number:    7.0
  Total amount of global memory:                 32501 MBytes (34079899648 bytes)
  (080) Multiprocessors, (064) CUDA Cores/MP:    5120 CUDA Cores
  GPU Max Clock rate:                            1530 MHz (1.53 GHz)
  Memory Clock rate:                             877 Mhz
  Memory Bus Width:                              4096-bit
  L2 Cache Size:                                 6291456 bytes
  Maximum Texture Dimension Size (x,y,z)         1D=(131072), 2D=(131072, 65536), 3D=(16384, 16384, 16384)
  Maximum Layered 1D Texture Size, (num) layers  1D=(32768), 2048 layers
  Maximum Layered 2D Texture Size, (num) layers  2D=(32768, 32768), 2048 layers
  Total amount of constant memory:               65536 bytes
  Total amount of shared memory per block:       49152 bytes
  Total shared memory per multiprocessor:        98304 bytes
  Total number of registers available per block: 65536
  Warp size:                                     32
  Maximum number of threads per multiprocessor:  2048
  Maximum number of threads per block:           1024
  Max dimension size of a thread block (x,y,z): (1024, 1024, 64)
  Max dimension size of a grid size    (x,y,z): (2147483647, 65535, 65535)
  Maximum memory pitch:                          2147483647 bytes
  Texture alignment:                             512 bytes
  Concurrent copy and kernel execution:          Yes with 5 copy engine(s)
  Run time limit on kernels:                     No
  Integrated GPU sharing Host Memory:            No
  Support host page-locked memory mapping:       Yes
  Alignment requirement for Surfaces:            Yes
  Device has ECC support:                        Enabled
  Device supports Unified Addressing (UVA):      Yes
  Device supports Managed Memory:                Yes
  Device supports Compute Preemption:            Yes
  Supports Cooperative Kernel Launch:            Yes
  Supports MultiDevice Co-op Kernel Launch:      Yes
  Device PCI Domain ID / Bus ID / location ID:   0 / 58 / 0
  Compute Mode:
     < Exclusive Process (many threads in one process is able to use ::cudaSetDevice() with this device) >

deviceQuery, CUDA Driver = CUDART, CUDA Driver Version = 12.2, CUDA Runtime Version = 11.6, NumDevs = 1
Result = PASS
MODEL_NAME          e_100_d147885_20000_l2000_1000_16
NROWS_DATASET       167885
NROWS_DATASET_TRAIN 147885
NROWS_DATASET_TEST  20000
BATCH_SIZE          5000
LATENT_FEATURES     16
LEARNING_RATE       1e-05
BETA                100
NUM_EPOCHS          100
VariationalAutoencoder(
  (encoder): Sequential(
    (0): Linear(in_features=18965, out_features=2000, bias=True)
    (1): ReLU()
    (2): Linear(in_features=2000, out_features=1000, bias=True)
    (3): ReLU()
    (4): Linear(in_features=1000, out_features=32, bias=True)
  )
  (decoder): Sequential(
    (0): Linear(in_features=16, out_features=1000, bias=True)
    (1): ReLU()
    (2): Linear(in_features=1000, out_features=2000, bias=True)
    (3): ReLU()
    (4): Linear(in_features=2000, out_features=18965, bias=True)
  )
)
>> Using device: cuda:0
loss:      30831 elbo:      -9139 beta_elbo:     -30831 log_px:      -8920 log_qz:         85 log_pz:       -134 kl:        219   1
loss:      20563 elbo:      -9508 beta_elbo:     -20563 log_px:      -9396 log_qz:         74 log_pz:        -38 kl:        112   2
loss:      13792 elbo:      -2518 beta_elbo:     -13792 log_px:      -2404 log_qz:         51 log_pz:        -63 kl:        114   3
loss:     -14787 elbo:      40967 beta_elbo:      14787 log_px:      41232 log_qz:         36 log_pz:       -228 kl:        264   4
loss:    -171783 elbo:     308935 beta_elbo:     171783 log_px:     310321 log_qz:         21 log_pz:      -1364 kl:       1385   5
loss:    -878512 elbo:    1538225 beta_elbo:     878512 log_px:    1544888 log_qz:         16 log_pz:      -6648 kl:       6664   6
loss:   -3218726 elbo:    6029536 beta_elbo:    3218726 log_px:    6057928 log_qz:          5 log_pz:     -28387 kl:      28392   7
loss:   -9448731 elbo:   18187977 beta_elbo:    9448731 log_px:   18276252 log_qz:         -2 log_pz:     -88278 kl:      88275   8
loss:  -22694958 elbo:   44122732 beta_elbo:   22694958 log_px:   44339174 log_qz:         19 log_pz:    -216424 kl:     216442   9
loss:  -48988383 elbo:   96120735 beta_elbo:   48988383 log_px:   96596819 log_qz:         24 log_pz:    -476060 kl:     476084  10
loss:  -95609940 elbo:  188531536 beta_elbo:   95609940 log_px:  189470138 log_qz:         29 log_pz:    -938573 kl:     938602  11
loss: -174018814 elbo:  344324172 beta_elbo:  174018814 log_px:  346044428 log_qz:         40 log_pz:   -1720216 kl:    1720256  12
loss: -300352698 elbo:  594429255 beta_elbo:  300352698 log_px:  597399726 log_qz:         89 log_pz:   -2970381 kl:    2970470  13
loss: -494878020 elbo:  981787743 beta_elbo:  494878020 log_px:  986706023 log_qz:         62 log_pz:   -4918218 kl:    4918280  14
loss:     202037 elbo:    -202035 beta_elbo:    -202037 log_px:    -202035 log_qz:        -23 log_pz:        -23 kl:          0  15
Traceback (most recent call last):
  File "/zhome/99/d/155947/DeeplearningProject/deepIsoform/tmp/VAE_train.py", line 89, in <module>
    # Note that y is not necessarily known as it is here
  File "/zhome/99/d/155947/miniconda3/envs/VAE-env2/lib/python3.10/site-packages/torch/utils/data/dataloader.py", line 628, in __next__
    data = self._next_data()
  File "/zhome/99/d/155947/miniconda3/envs/VAE-env2/lib/python3.10/site-packages/torch/utils/data/dataloader.py", line 671, in _next_data
    data = self._dataset_fetcher.fetch(index)  # may raise StopIteration
  File "/zhome/99/d/155947/miniconda3/envs/VAE-env2/lib/python3.10/site-packages/torch/utils/data/_utils/fetch.py", line 58, in fetch
    data = [self.dataset[idx] for idx in possibly_batched_index]
  File "/zhome/99/d/155947/miniconda3/envs/VAE-env2/lib/python3.10/site-packages/torch/utils/data/_utils/fetch.py", line 58, in <listcomp>
    data = [self.dataset[idx] for idx in possibly_batched_index]
  File "/zhome/99/d/155947/DeeplearningProject/deepIsoform/scripts/hdf5_load.py", line 25, in __getitem__
    return self.hdf5_file[self.expression_level_key][idx], self.hdf5_file[self.sample_id_key][idx]
  File "h5py/_objects.pyx", line 54, in h5py._objects.with_phil.wrapper
  File "h5py/_objects.pyx", line 55, in h5py._objects.with_phil.wrapper
  File "/zhome/99/d/155947/miniconda3/envs/VAE-env2/lib/python3.10/site-packages/h5py/_hl/dataset.py", line 841, in __getitem__
    self.id.read(mspace, fspace, arr, mtype, dxpl=self._dxpl)
  File "h5py/_objects.pyx", line 54, in h5py._objects.with_phil.wrapper
  File "h5py/_objects.pyx", line 55, in h5py._objects.with_phil.wrapper
  File "h5py/h5d.pyx", line 243, in h5py.h5d.DatasetID.read
  File "h5py/_proxy.pyx", line 140, in h5py._proxy.dset_rw
OSError: [Errno 116] Can't read data (file read failed: time = Thu Nov  9 15:38:47 2023
, filename = '/zhome/99/d/155947/DeeplearningProject/deepIsoform/data/raw_data/hdf5/archs4_gene_expression_norm_transposed.hdf5', file descriptor = 4, errno = 116, error message = 'Stale file handle', buf = 0x8abe21f0, total read size = 65536, bytes this sub-read = 65536, bytes actually read = 18446744073709551615, offset = 0)
