Sat Nov 11 00:05:36 2023       
+---------------------------------------------------------------------------------------+
| NVIDIA-SMI 535.104.12             Driver Version: 535.104.12   CUDA Version: 12.2     |
|-----------------------------------------+----------------------+----------------------+
| GPU  Name                 Persistence-M | Bus-Id        Disp.A | Volatile Uncorr. ECC |
| Fan  Temp   Perf          Pwr:Usage/Cap |         Memory-Usage | GPU-Util  Compute M. |
|                                         |                      |               MIG M. |
|=========================================+======================+======================|
|   0  Tesla V100-PCIE-32GB           On  | 00000000:58:00.0 Off |                    0 |
| N/A   29C    P0              24W / 250W |      0MiB / 32768MiB |      0%   E. Process |
|                                         |                      |                  N/A |
+-----------------------------------------+----------------------+----------------------+
                                                                                         
+---------------------------------------------------------------------------------------+
| Processes:                                                                            |
|  GPU   GI   CI        PID   Type   Process name                            GPU Memory |
|        ID   ID                                                             Usage      |
|=======================================================================================|
|  No running processes found                                                           |
+---------------------------------------------------------------------------------------+
Loaded module: cuda/11.6
/appl/cuda/11.6.0/samples/bin/x86_64/linux/release/deviceQuery Starting...

 CUDA Device Query (Runtime API) version (CUDART static linking)

Detected 1 CUDA Capable device(s)

Device 0: "Tesla V100-PCIE-32GB"
  CUDA Driver Version / Runtime Version          12.2 / 11.6
  CUDA Capability Major/Minor version number:    7.0
  Total amount of global memory:                 32501 MBytes (34079899648 bytes)
  (080) Multiprocessors, (064) CUDA Cores/MP:    5120 CUDA Cores
  GPU Max Clock rate:                            1380 MHz (1.38 GHz)
  Memory Clock rate:                             877 Mhz
  Memory Bus Width:                              4096-bit
  L2 Cache Size:                                 6291456 bytes
  Maximum Texture Dimension Size (x,y,z)         1D=(131072), 2D=(131072, 65536), 3D=(16384, 16384, 16384)
  Maximum Layered 1D Texture Size, (num) layers  1D=(32768), 2048 layers
  Maximum Layered 2D Texture Size, (num) layers  2D=(32768, 32768), 2048 layers
  Total amount of constant memory:               65536 bytes
  Total amount of shared memory per block:       49152 bytes
  Total shared memory per multiprocessor:        98304 bytes
  Total number of registers available per block: 65536
  Warp size:                                     32
  Maximum number of threads per multiprocessor:  2048
  Maximum number of threads per block:           1024
  Max dimension size of a thread block (x,y,z): (1024, 1024, 64)
  Max dimension size of a grid size    (x,y,z): (2147483647, 65535, 65535)
  Maximum memory pitch:                          2147483647 bytes
  Texture alignment:                             512 bytes
  Concurrent copy and kernel execution:          Yes with 7 copy engine(s)
  Run time limit on kernels:                     No
  Integrated GPU sharing Host Memory:            No
  Support host page-locked memory mapping:       Yes
  Alignment requirement for Surfaces:            Yes
  Device has ECC support:                        Enabled
  Device supports Unified Addressing (UVA):      Yes
  Device supports Managed Memory:                Yes
  Device supports Compute Preemption:            Yes
  Supports Cooperative Kernel Launch:            Yes
  Supports MultiDevice Co-op Kernel Launch:      Yes
  Device PCI Domain ID / Bus ID / location ID:   0 / 88 / 0
  Compute Mode:
     < Exclusive Process (many threads in one process is able to use ::cudaSetDevice() with this device) >

deviceQuery, CUDA Driver = CUDART, CUDA Driver Version = 12.2, CUDA Runtime Version = 11.6, NumDevs = 1
Result = PASS
MODEL_NAME          e_100_b5_l1e-05_l512_128_16
BATCH_SIZE          5000
LATENT_FEATURES     16
LEARNING_RATE       1e-05
BETA                5
NUM_EPOCHS          100
MAX_GRAD_NORM       0.5
VariationalAutoencoder(
  (encoder): Sequential(
    (0): Dropout(p=0.5, inplace=False)
    (1): Linear(in_features=18965, out_features=512, bias=True)
    (2): ReLU()
    (3): Linear(in_features=512, out_features=128, bias=True)
    (4): ReLU()
    (5): Linear(in_features=128, out_features=32, bias=True)
  )
  (decoder): Sequential(
    (0): Linear(in_features=16, out_features=128, bias=True)
    (1): ReLU()
    (2): Linear(in_features=128, out_features=512, bias=True)
    (3): ReLU()
    (4): Linear(in_features=512, out_features=18965, bias=True)
  )
)
>> Using device: cuda:0
[2K[2Kloss: -24916482525820305083785094232014520254848204442707364176284063013248312010217664861236934987115353699308604224820686893989370413585755709990188136598523654352928768 elbo: -4983296505164060537256441517866497310756306392311128272272137889310093630077023973790287914707071489382703414411770608648457462469093865257228562981024107824414720 beta_elbo: -24916482525820305083785094232014520254848204442707364176284063013248312010217664861236934987115353699308604224820686893989370413585755709990188136598523654352928768 log_px: -3054498488997101655020743688936427622321515139616116188541602095938558221216645120 log_qz:        -21 log_pz: -4983296505164060537256441517866497310756306392311128272272137889310093630077023973790287914707071489382703414411770608648457462469093865257228562981024107824414720 kl: 4983296505164060537256441517866497310756306392311128272272137889310093630077023973790287914707071489382703414411770608648457462469093865257228562981024107824414720   1
[2K[2Kloss: -3619123160805648977461078389402327584881258450061470553624533716760586435483844027484898936573084485457469789574468060485100302104312049270986695945709446172054984329579296931640318468821433753643405941774668631184046788728775231009892218175488 elbo: -723824632161129662830757595544496937351539541116812094145291022931264284492224540575633732570498192060379922263949451288742290890619338037778145966440464184239965063080556964072389473232678610447223675889246302203105813360802882429396315013120 beta_elbo: -3619123160805648977461078389402327584881258450061470553624533716760586435483844027484898936573084485457469789574468060485100302104312049270986695945709446172054984329579296931640318468821433753643405941774668631184046788728775231009892218175488 log_px: -34639040442863634615597312791156037706264915320468323953025594501861791934297902622431771272677588871876738831361438121984 log_qz:        -28 log_pz: -723824632161129662830757595544496937351539541116812094145291022931264284492224540575633732570498192060379922263949451288742290890619338037778145966440464184239965063080556964072389473232678610447223675889246302203105813360802882429396315013120 kl: 723824632161129662830757595544496937351539541116812094145291022931264284492224540575633732570498192060379922263949451288742290890619338037778145966440464184239965063080556964072389473232678610447223675889246302203105813360802882429396315013120   2
Traceback (most recent call last):
  File "/zhome/99/d/155947/DeeplearningProject/deepIsoform/tmp/VAE_train.py", line 115, in <module>
    x, y = next(iter(loader_test))
  File "/zhome/99/d/155947/miniconda3/envs/VAE-env2/lib/python3.10/site-packages/torch/utils/data/dataloader.py", line 628, in __next__
    data = self._next_data()
  File "/zhome/99/d/155947/miniconda3/envs/VAE-env2/lib/python3.10/site-packages/torch/utils/data/dataloader.py", line 671, in _next_data
    data = self._dataset_fetcher.fetch(index)  # may raise StopIteration
  File "/zhome/99/d/155947/miniconda3/envs/VAE-env2/lib/python3.10/site-packages/torch/utils/data/_utils/fetch.py", line 61, in fetch
    return self.collate_fn(data)
  File "/zhome/99/d/155947/miniconda3/envs/VAE-env2/lib/python3.10/site-packages/torch/utils/data/_utils/collate.py", line 265, in default_collate
    return collate(batch, collate_fn_map=default_collate_fn_map)
  File "/zhome/99/d/155947/miniconda3/envs/VAE-env2/lib/python3.10/site-packages/torch/utils/data/_utils/collate.py", line 143, in collate
    return [collate(samples, collate_fn_map=collate_fn_map) for samples in transposed]  # Backwards compatibility.
  File "/zhome/99/d/155947/miniconda3/envs/VAE-env2/lib/python3.10/site-packages/torch/utils/data/_utils/collate.py", line 143, in <listcomp>
    return [collate(samples, collate_fn_map=collate_fn_map) for samples in transposed]  # Backwards compatibility.
  File "/zhome/99/d/155947/miniconda3/envs/VAE-env2/lib/python3.10/site-packages/torch/utils/data/_utils/collate.py", line 120, in collate
    return collate_fn_map[elem_type](batch, collate_fn_map=collate_fn_map)
  File "/zhome/99/d/155947/miniconda3/envs/VAE-env2/lib/python3.10/site-packages/torch/utils/data/_utils/collate.py", line 172, in collate_numpy_array_fn
    return collate([torch.as_tensor(b) for b in batch], collate_fn_map=collate_fn_map)
  File "/zhome/99/d/155947/miniconda3/envs/VAE-env2/lib/python3.10/site-packages/torch/utils/data/_utils/collate.py", line 120, in collate
    return collate_fn_map[elem_type](batch, collate_fn_map=collate_fn_map)
  File "/zhome/99/d/155947/miniconda3/envs/VAE-env2/lib/python3.10/site-packages/torch/utils/data/_utils/collate.py", line 163, in collate_tensor_fn
    return torch.stack(batch, 0, out=out)
KeyboardInterrupt
