Sat Nov 11 00:05:42 2023       
+---------------------------------------------------------------------------------------+
| NVIDIA-SMI 535.104.12             Driver Version: 535.104.12   CUDA Version: 12.2     |
|-----------------------------------------+----------------------+----------------------+
| GPU  Name                 Persistence-M | Bus-Id        Disp.A | Volatile Uncorr. ECC |
| Fan  Temp   Perf          Pwr:Usage/Cap |         Memory-Usage | GPU-Util  Compute M. |
|                                         |                      |               MIG M. |
|=========================================+======================+======================|
|   0  Tesla V100-PCIE-32GB           On  | 00000000:D8:00.0 Off |                    0 |
| N/A   26C    P0              25W / 250W |      0MiB / 32768MiB |      0%   E. Process |
|                                         |                      |                  N/A |
+-----------------------------------------+----------------------+----------------------+
                                                                                         
+---------------------------------------------------------------------------------------+
| Processes:                                                                            |
|  GPU   GI   CI        PID   Type   Process name                            GPU Memory |
|        ID   ID                                                             Usage      |
|=======================================================================================|
|  No running processes found                                                           |
+---------------------------------------------------------------------------------------+
Loaded module: cuda/11.6
/appl/cuda/11.6.0/samples/bin/x86_64/linux/release/deviceQuery Starting...

 CUDA Device Query (Runtime API) version (CUDART static linking)

Detected 1 CUDA Capable device(s)

Device 0: "Tesla V100-PCIE-32GB"
  CUDA Driver Version / Runtime Version          12.2 / 11.6
  CUDA Capability Major/Minor version number:    7.0
  Total amount of global memory:                 32501 MBytes (34079899648 bytes)
  (080) Multiprocessors, (064) CUDA Cores/MP:    5120 CUDA Cores
  GPU Max Clock rate:                            1380 MHz (1.38 GHz)
  Memory Clock rate:                             877 Mhz
  Memory Bus Width:                              4096-bit
  L2 Cache Size:                                 6291456 bytes
  Maximum Texture Dimension Size (x,y,z)         1D=(131072), 2D=(131072, 65536), 3D=(16384, 16384, 16384)
  Maximum Layered 1D Texture Size, (num) layers  1D=(32768), 2048 layers
  Maximum Layered 2D Texture Size, (num) layers  2D=(32768, 32768), 2048 layers
  Total amount of constant memory:               65536 bytes
  Total amount of shared memory per block:       49152 bytes
  Total shared memory per multiprocessor:        98304 bytes
  Total number of registers available per block: 65536
  Warp size:                                     32
  Maximum number of threads per multiprocessor:  2048
  Maximum number of threads per block:           1024
  Max dimension size of a thread block (x,y,z): (1024, 1024, 64)
  Max dimension size of a grid size    (x,y,z): (2147483647, 65535, 65535)
  Maximum memory pitch:                          2147483647 bytes
  Texture alignment:                             512 bytes
  Concurrent copy and kernel execution:          Yes with 7 copy engine(s)
  Run time limit on kernels:                     No
  Integrated GPU sharing Host Memory:            No
  Support host page-locked memory mapping:       Yes
  Alignment requirement for Surfaces:            Yes
  Device has ECC support:                        Enabled
  Device supports Unified Addressing (UVA):      Yes
  Device supports Managed Memory:                Yes
  Device supports Compute Preemption:            Yes
  Supports Cooperative Kernel Launch:            Yes
  Supports MultiDevice Co-op Kernel Launch:      Yes
  Device PCI Domain ID / Bus ID / location ID:   0 / 216 / 0
  Compute Mode:
     < Exclusive Process (many threads in one process is able to use ::cudaSetDevice() with this device) >

deviceQuery, CUDA Driver = CUDART, CUDA Driver Version = 12.2, CUDA Runtime Version = 11.6, NumDevs = 1
Result = PASS
MODEL_NAME          e_100_b5_l1e-05_l512_128_16
BATCH_SIZE          5000
LATENT_FEATURES     16
LEARNING_RATE       1e-05
BETA                5
NUM_EPOCHS          100
MAX_GRAD_NORM       0.5
VariationalAutoencoder(
  (encoder): Sequential(
    (0): Dropout(p=0.5, inplace=False)
    (1): Linear(in_features=18965, out_features=512, bias=True)
    (2): ReLU()
    (3): Linear(in_features=512, out_features=128, bias=True)
    (4): ReLU()
    (5): Linear(in_features=128, out_features=32, bias=True)
  )
  (decoder): Sequential(
    (0): Linear(in_features=16, out_features=128, bias=True)
    (1): ReLU()
    (2): Linear(in_features=128, out_features=512, bias=True)
    (3): ReLU()
    (4): Linear(in_features=512, out_features=18965, bias=True)
  )
)
>> Using device: cuda:0
[2K[2Kloss: -4548620632787189529741861552769885907478662770576487610433848357951039288011127793370152130287120123087648883106675367767958580287504221237664147273405496821859483648 elbo: -909724126557437680902768017694223618088940897217855807192629006129503580625944002064831923236048376392710929215424269430132182287745962363846441925060326948035624960 beta_elbo: -4548620632787189529741861552769885907478662770576487610433848357951039288011127793370152130287120123087648883106675367767958580287504221237664147273405496821859483648 log_px: -36510216444956111813316895469280926457669070992091992410735616931713797948325232640 log_qz:        -30 log_pz: -909724126557437680902768017694223618088940897217855807192629006129503580625944002064831923236048376392710929215424269430132182287745962363846441925060326948035624960 kl: 909724126557437680902768017694223618088940897217855807192629006129503580625944002064831923236048376392710929215424269430132182287745962363846441925060326948035624960   1
[2K[2Kloss: -32345350942242495531128208022032722695776431625589568494879529853708854116865453783691265618956060632858333202965881711709911253432351903448154395001518529378700362229986850577755513649393278418544660249051136 elbo: -6469070188448499334347672485516305471213866610132479943637331333169767352332716651702011484225081451867307206461746331274097729366190746224066115069075605788373138432108079528150836447891903187852641662140416 beta_elbo: -32345350942242495531128208022032722695776431625589568494879529853708854116865453783691265618956060632858333202965881711709911253432351903448154395001518529378700362229986850577755513649393278418544660249051136 log_px: -110853825607487331951705461788496472118379046978628257745950449325358027902377343613823577682597105369088 log_qz:        -41 log_pz: -6469070188448499334347672485516305471213866610132479943637331333169767352332716651702011484225081451867307206461746331274097729366190746224066115069075605788373138432108079528150836447891903187852641662140416 kl: 6469070188448499334347672485516305471213866610132479943637331333169767352332716651702011484225081451867307206461746331274097729366190746224066115069075605788373138432108079528150836447891903187852641662140416   2
Traceback (most recent call last):
  File "/zhome/99/d/155947/DeeplearningProject/deepIsoform/tmp/VAE_train.py", line 85, in <module>
    for x, y in loader_train:
  File "/zhome/99/d/155947/miniconda3/envs/VAE-env2/lib/python3.10/site-packages/torch/utils/data/dataloader.py", line 628, in __next__
    data = self._next_data()
  File "/zhome/99/d/155947/miniconda3/envs/VAE-env2/lib/python3.10/site-packages/torch/utils/data/dataloader.py", line 671, in _next_data
    data = self._dataset_fetcher.fetch(index)  # may raise StopIteration
  File "/zhome/99/d/155947/miniconda3/envs/VAE-env2/lib/python3.10/site-packages/torch/utils/data/_utils/fetch.py", line 58, in fetch
    data = [self.dataset[idx] for idx in possibly_batched_index]
  File "/zhome/99/d/155947/miniconda3/envs/VAE-env2/lib/python3.10/site-packages/torch/utils/data/_utils/fetch.py", line 58, in <listcomp>
    data = [self.dataset[idx] for idx in possibly_batched_index]
  File "/zhome/99/d/155947/DeeplearningProject/deepIsoform/scripts/hdf5_load.py", line 25, in __getitem__
    return self.hdf5_file[self.expression_level_key][idx], self.hdf5_file[self.sample_id_key][idx]
  File "h5py/_objects.pyx", line 54, in h5py._objects.with_phil.wrapper
  File "h5py/_objects.pyx", line 55, in h5py._objects.with_phil.wrapper
  File "/zhome/99/d/155947/miniconda3/envs/VAE-env2/lib/python3.10/site-packages/h5py/_hl/dataset.py", line 841, in __getitem__
    self.id.read(mspace, fspace, arr, mtype, dxpl=self._dxpl)
KeyboardInterrupt
